<?xml version="1.0" encoding="UTF-8"?>
<!-- Generated by org.testng.reporters.JUnitReportReporter -->
<testsuite hostname="admin" failures="0" tests="1" name="com.questyautomationtestcases.SearchUITest" time="18.512" errors="0" timestamp="2022-04-01T11:53:17 IST" skipped="0">
  <testcase classname="com.questyautomationtestcases.SearchUITest" name="loginwithvalidcredentials" time="18.512"/>
  <system-out/>
</testsuite> <!-- com.questyautomationtestcases.SearchUITest -->
