<?xml version="1.0" encoding="UTF-8"?>
<!-- Generated by org.testng.reporters.JUnitReportReporter -->
<testsuite hostname="admin" failures="0" tests="1" name="com.questyautomationtestcases.BaseClass" time="9.097" errors="0" timestamp="2022-02-08T11:54:13 IST" skipped="0">
  <testcase classname="com.questyautomationtestcases.BaseClass" name="openurl" time="9.097"/>
  <system-out/>
</testsuite> <!-- com.questyautomationtestcases.BaseClass -->
