<?xml version="1.0" encoding="UTF-8"?>
<!-- Generated by org.testng.reporters.JUnitReportReporter -->
<testsuite hostname="admin" failures="0" tests="1" name="com.questyautomationtestcases.Addnewcandidate" time="73.162" errors="0" timestamp="2022-02-08T13:47:48 IST" skipped="0">
  <testcase classname="com.questyautomationtestcases.Addnewcandidate" name="addnewcandidate" time="73.162"/>
  <system-out/>
</testsuite> <!-- com.questyautomationtestcases.Addnewcandidate -->
