<?xml version="1.0" encoding="UTF-8"?>
<!-- Generated by org.testng.reporters.JUnitReportReporter -->
<testsuite hostname="admin" failures="0" tests="1" name="com.questyautomationtestcases.QuestyLoginTest" time="62.455" errors="0" timestamp="2022-02-08T14:21:19 IST" skipped="0">
  <testcase classname="com.questyautomationtestcases.QuestyLoginTest" name="loginwithvalidcredentials" time="62.455"/>
  <system-out/>
</testsuite> <!-- com.questyautomationtestcases.QuestyLoginTest -->
